# JRE version: Java(TM) SE Runtime Environment (8.0_60-b27) (build 1.8.0_60-b27)
# Java VM: Java HotSpot(TM) 64-Bit Server VM (25.60-b23 mixed mode bsd-amd64 compressed oops)
Heap:
 PSYoungGen      total 302592K, used 145843K [0x0000000146300000, 0x000000015b700000, 0x000000015b800000)
  eden space 301568K, 48% used [0x0000000146300000,0x000000014f12cee0,0x0000000158980000)
  from space 1024K, 25% used [0x000000015b500000,0x000000015b540000,0x000000015b600000)
  to   space 1024K, 0% used [0x000000015b600000,0x000000015b600000,0x000000015b700000)
 ParOldGen       total 73216K, used 48772K [0x000000011b800000, 0x000000011ff80000, 0x0000000146300000)
  object space 73216K, 66% used [0x000000011b800000,0x000000011e7a1108,0x000000011ff80000)
 Metaspace       used 13222K, capacity 13840K, committed 13952K, reserved 1060864K
  class space    used 1718K, capacity 1868K, committed 1920K, reserved 1048576K
GC Heap History (10 events):
Event: 61.327 GC heap before
{Heap before GC invocations=56 (full 1):
 PSYoungGen      total 348160K, used 347296K [0x0000000146300000, 0x000000015b800000, 0x000000015b800000)
  eden space 347136K, 100% used [0x0000000146300000,0x000000015b600000,0x000000015b600000)
  from space 1024K, 15% used [0x000000015b700000,0x000000015b728000,0x000000015b800000)
  to   space 1024K, 0% used [0x000000015b600000,0x000000015b600000,0x000000015b700000)
 ParOldGen       total 73216K, used 48684K [0x000000011b800000, 0x000000011ff80000, 0x0000000146300000)
  object space 73216K, 66% used [0x000000011b800000,0x000000011e78b108,0x000000011ff80000)
 Metaspace       used 13114K, capacity 13596K, committed 13696K, reserved 1060864K
  class space    used 1695K, capacity 1840K, committed 1920K, reserved 1048576K
Event: 61.328 GC heap after
Heap after GC invocations=56 (full 1):
 PSYoungGen      total 348160K, used 160K [0x0000000146300000, 0x000000015b800000, 0x000000015b800000)
  eden space 347136K, 0% used [0x0000000146300000,0x0000000146300000,0x000000015b600000)
  from space 1024K, 15% used [0x000000015b600000,0x000000015b628000,0x000000015b700000)
  to   space 1024K, 0% used [0x000000015b700000,0x000000015b700000,0x000000015b800000)
 ParOldGen       total 73216K, used 48684K [0x000000011b800000, 0x000000011ff80000, 0x0000000146300000)
  object space 73216K, 66% used [0x000000011b800000,0x000000011e78b108,0x000000011ff80000)
 Metaspace       used 13114K, capacity 13596K, committed 13696K, reserved 1060864K
  class space    used 1695K, capacity 1840K, committed 1920K, reserved 1048576K
}
Event: 65.892 GC heap before
{Heap before GC invocations=57 (full 1):
 PSYoungGen      total 348160K, used 347296K [0x0000000146300000, 0x000000015b800000, 0x000000015b800000)
  eden space 347136K, 100% used [0x0000000146300000,0x000000015b600000,0x000000015b600000)
  from space 1024K, 15% used [0x000000015b600000,0x000000015b628000,0x000000015b700000)
  to   space 1024K, 0% used [0x000000015b700000,0x000000015b700000,0x000000015b800000)
 ParOldGen       total 73216K, used 48684K [0x000000011b800000, 0x000000011ff80000, 0x0000000146300000)
  object space 73216K, 66% used [0x000000011b800000,0x000000011e78b108,0x000000011ff80000)
 Metaspace       used 13115K, capacity 13596K, committed 13696K, reserved 1060864K
  class space    used 1695K, capacity 1840K, committed 1920K, reserved 1048576K
Event: 65.893 GC heap after
Heap after GC invocations=57 (full 1):
 PSYoungGen      total 348160K, used 224K [0x0000000146300000, 0x000000015b800000, 0x000000015b800000)
  eden space 347136K, 0% used [0x0000000146300000,0x0000000146300000,0x000000015b600000)
  from space 1024K, 21% used [0x000000015b700000,0x000000015b738000,0x000000015b800000)
  to   space 1024K, 0% used [0x000000015b600000,0x000000015b600000,0x000000015b700000)
 ParOldGen       total 73216K, used 48724K [0x000000011b800000, 0x000000011ff80000, 0x0000000146300000)
  object space 73216K, 66% used [0x000000011b800000,0x000000011e795108,0x000000011ff80000)
 Metaspace       used 13115K, capacity 13596K, committed 13696K, reserved 1060864K
  class space    used 1695K, capacity 1840K, committed 1920K, reserved 1048576K
}
Event: 70.793 GC heap before
{Heap before GC invocations=58 (full 1):
 PSYoungGen      total 348160K, used 347360K [0x0000000146300000, 0x000000015b800000, 0x000000015b800000)
  eden space 347136K, 100% used [0x0000000146300000,0x000000015b600000,0x000000015b600000)
  from space 1024K, 21% used [0x000000015b700000,0x000000015b738000,0x000000015b800000)
  to   space 1024K, 0% used [0x000000015b600000,0x000000015b600000,0x000000015b700000)
 ParOldGen       total 73216K, used 48724K [0x000000011b800000, 0x000000011ff80000, 0x0000000146300000)
  object space 73216K, 66% used [0x000000011b800000,0x000000011e795108,0x000000011ff80000)
 Metaspace       used 13115K, capacity 13596K, committed 13696K, reserved 1060864K
  class space    used 1695K, capacity 1840K, committed 1920K, reserved 1048576K
Event: 70.794 GC heap after
Heap after GC invocations=58 (full 1):
 PSYoungGen      total 331776K, used 256K [0x0000000146300000, 0x000000015b780000, 0x000000015b800000)
  eden space 331264K, 0% used [0x0000000146300000,0x0000000146300000,0x000000015a680000)
  from space 512K, 50% used [0x000000015b600000,0x000000015b640000,0x000000015b680000)
  to   space 1024K, 0% used [0x000000015b680000,0x000000015b680000,0x000000015b780000)
 ParOldGen       total 73216K, used 48772K [0x000000011b800000, 0x000000011ff80000, 0x0000000146300000)
  object space 73216K, 66% used [0x000000011b800000,0x000000011e7a1108,0x000000011ff80000)
 Metaspace       used 13115K, capacity 13596K, committed 13696K, reserved 1060864K
  class space    used 1695K, capacity 1840K, committed 1920K, reserved 1048576K
}
Event: 76.591 GC heap before
{Heap before GC invocations=59 (full 1):
 PSYoungGen      total 331776K, used 331520K [0x0000000146300000, 0x000000015b780000, 0x000000015b800000)
  eden space 331264K, 100% used [0x0000000146300000,0x000000015a680000,0x000000015a680000)
  from space 512K, 50% used [0x000000015b600000,0x000000015b640000,0x000000015b680000)
  to   space 1024K, 0% used [0x000000015b680000,0x000000015b680000,0x000000015b780000)
 ParOldGen       total 73216K, used 48772K [0x000000011b800000, 0x000000011ff80000, 0x0000000146300000)
  object space 73216K, 66% used [0x000000011b800000,0x000000011e7a1108,0x000000011ff80000)
 Metaspace       used 13115K, capacity 13596K, committed 13696K, reserved 1060864K
  class space    used 1695K, capacity 1840K, committed 1920K, reserved 1048576K
Event: 76.592 GC heap after
Heap after GC invocations=59 (full 1):
 PSYoungGen      total 316416K, used 256K [0x0000000146300000, 0x000000015b700000, 0x000000015b800000)
  eden space 315904K, 0% used [0x0000000146300000,0x0000000146300000,0x0000000159780000)
  from space 512K, 50% used [0x000000015b680000,0x000000015b6c0000,0x000000015b700000)
  to   space 1024K, 0% used [0x000000015b500000,0x000000015b500000,0x000000015b600000)
 ParOldGen       total 73216K, used 48772K [0x000000011b800000, 0x000000011ff80000, 0x0000000146300000)
  object space 73216K, 66% used [0x000000011b800000,0x000000011e7a1108,0x000000011ff80000)
 Metaspace       used 13115K, capacity 13596K, committed 13696K, reserved 1060864K
  class space    used 1695K, capacity 1840K, committed 1920K, reserved 1048576K
}
Event: 82.975 GC heap before
{Heap before GC invocations=60 (full 1):
 PSYoungGen      total 316416K, used 316160K [0x0000000146300000, 0x000000015b700000, 0x000000015b800000)
  eden space 315904K, 100% used [0x0000000146300000,0x0000000159780000,0x0000000159780000)
  from space 512K, 50% used [0x000000015b680000,0x000000015b6c0000,0x000000015b700000)
  to   space 1024K, 0% used [0x000000015b500000,0x000000015b500000,0x000000015b600000)
 ParOldGen       total 73216K, used 48772K [0x000000011b800000, 0x000000011ff80000, 0x0000000146300000)
  object space 73216K, 66% used [0x000000011b800000,0x000000011e7a1108,0x000000011ff80000)
 Metaspace       used 13115K, capacity 13596K, committed 13696K, reserved 1060864K
  class space    used 1695K, capacity 1840K, committed 1920K, reserved 1048576K
Event: 82.976 GC heap after
Heap after GC invocations=60 (full 1):
 PSYoungGen      total 302592K, used 256K [0x0000000146300000, 0x000000015b700000, 0x000000015b800000)
  eden space 301568K, 0% used [0x0000000146300000,0x0000000146300000,0x0000000158980000)
  from space 1024K, 25% used [0x000000015b500000,0x000000015b540000,0x000000015b600000)
  to   space 1024K, 0% used [0x000000015b600000,0x000000015b600000,0x000000015b700000)
 ParOldGen       total 73216K, used 48772K [0x000000011b800000, 0x000000011ff80000, 0x0000000146300000)
  object space 73216K, 66% used [0x000000011b800000,0x000000011e7a1108,0x000000011ff80000)
 Metaspace       used 13115K, capacity 13596K, committed 13696K, reserved 1060864K
  class space    used 1695K, capacity 1840K, committed 1920K, reserved 1048576K
}

